<?xml version="1.0" encoding="UTF-8"?>
<!-- Generated by org.testng.reporters.JUnitXMLReporter -->
<testsuite ignored="0" hostname="BINTERNS-QA15L" failures="0" tests="4" name="Default test" time="3.998" errors="0" timestamp="2023-03-07T18:24:30 IST">
  <testcase classname="Assignment29.Scenario01" name="openBrowser" time="1.833"/>
  <testcase classname="Assignment29.Scenario01" name="NavigateURL" time="2.085"/>
  <testcase classname="Assignment29.Scenario01" name="testurl" time="0.009"/>
  <testcase classname="Assignment29.Scenario01" name="verifybuton" time="0.033"/>
</testsuite> <!-- Default test -->
