<?xml version="1.0" encoding="UTF-8"?>
<testng-results ignored="0" total="4" passed="4" failed="0" skipped="0">
  <reporter-output>
  </reporter-output>
  <suite started-at="2023-03-07T18:24:26 IST" name="Default suite" finished-at="2023-03-07T18:24:30 IST" duration-ms="3998">
    <groups>
    </groups>
    <test started-at="2023-03-07T18:24:26 IST" name="Default test" finished-at="2023-03-07T18:24:30 IST" duration-ms="3998">
      <class name="Assignment29.Scenario01">
        <test-method signature="openBrowser()[pri:1, instance:Assignment29.Scenario01@614ca7df]" started-at="2023-03-07T18:24:27 IST" name="openBrowser" finished-at="2023-03-07T18:24:28 IST" duration-ms="1833" status="PASS">
          <reporter-output>
          </reporter-output>
        </test-method> <!-- openBrowser -->
        <test-method signature="NavigateURL()[pri:2, instance:Assignment29.Scenario01@614ca7df]" started-at="2023-03-07T18:24:28 IST" name="NavigateURL" finished-at="2023-03-07T18:24:30 IST" duration-ms="2085" status="PASS">
          <reporter-output>
          </reporter-output>
        </test-method> <!-- NavigateURL -->
        <test-method signature="testurl()[pri:3, instance:Assignment29.Scenario01@614ca7df]" started-at="2023-03-07T18:24:30 IST" name="testurl" finished-at="2023-03-07T18:24:30 IST" duration-ms="9" status="PASS">
          <reporter-output>
          </reporter-output>
        </test-method> <!-- testurl -->
        <test-method signature="verifybuton()[pri:4, instance:Assignment29.Scenario01@614ca7df]" started-at="2023-03-07T18:24:30 IST" name="verifybuton" finished-at="2023-03-07T18:24:30 IST" duration-ms="33" status="PASS">
          <reporter-output>
          </reporter-output>
        </test-method> <!-- verifybuton -->
      </class> <!-- Assignment29.Scenario01 -->
    </test> <!-- Default test -->
  </suite> <!-- Default suite -->
</testng-results>
